\BOOKMARK [1][-]{section.1}{Schatten van de variantie}{}% 1
\BOOKMARK [1][-]{section.2}{Chikwadraatverdeling}{}% 2
\BOOKMARK [1][-]{section.3}{Betrouwbaarheidsinterval voor \134sigma\1362}{}% 3
\BOOKMARK [1][-]{section.4}{Toets voor \134sigma\1362}{}% 4
\BOOKMARK [1][-]{section.5}{Chikwadraat toets voor passing}{}% 5
\BOOKMARK [1][-]{section.6}{Fisher's exacte toets}{}% 6
\BOOKMARK [1][-]{section.7}{Yates correctie}{}% 7
\BOOKMARK [1][-]{section.8}{T-verdeling}{}% 8
\BOOKMARK [1][-]{section.9}{Betrouwbaarheidsinterval voor \134mu bij onbekende \134sigma}{}% 9
\BOOKMARK [1][-]{section.10}{t-Toets voor \351\351n gemiddelde}{}% 10
\BOOKMARK [1][-]{section.11}{Verschiltoets voor \134mu met bekende \134sigma}{}% 11
\BOOKMARK [1][-]{section.12}{Verschiltoets voor \134mu met een onbekende \134sigma}{}% 12
\BOOKMARK [1][-]{section.13}{Gepaarde t-toets}{}% 13
\BOOKMARK [1][-]{section.14}{F-verdeling}{}% 14
\BOOKMARK [1][-]{section.15}{F-toets}{}% 15
\BOOKMARK [1][-]{section.16}{Harmonisch gemiddelde}{}% 16
\BOOKMARK [1][-]{section.17}{Pooled-variance principe}{}% 17
\BOOKMARK [1][-]{section.18}{ANOVA \(\351\351n-factor model\)}{}% 18
\BOOKMARK [1][-]{section.19}{Ongelijke steekproefgroottes}{}% 19
\BOOKMARK [1][-]{section.20}{Levene's toets}{}% 20
\BOOKMARK [1][-]{section.21}{Bonferoni methode}{}% 21
\BOOKMARK [1][-]{section.22}{Tukey's HSD methode}{}% 22
\BOOKMARK [1][-]{section.23}{Maat voor effectgrootte}{}% 23
\BOOKMARK [1][-]{section.24}{Rangtekentoets \(Wilcoxon Signed Rank test\)}{}% 24
\BOOKMARK [1][-]{section.25}{Wilcoxon som toets \(Mann-Whitney toets\)}{}% 25
