\BOOKMARK [1][-]{section.1}{Probability Analysis of Monopoly}{}% 1
\BOOKMARK [2][-]{subsection.1.1}{Squares}{section.1}% 2
\BOOKMARK [3][-]{subsubsection.1.1.1}{Labels}{subsection.1.1}% 3
\BOOKMARK [3][-]{subsubsection.1.1.2}{Descriptions}{subsection.1.1}% 4
\BOOKMARK [3][-]{subsubsection.1.1.3}{Purchasable}{subsection.1.1}% 5
\BOOKMARK [3][-]{subsubsection.1.1.4}{Rent}{subsection.1.1}% 6
\BOOKMARK [3][-]{subsubsection.1.1.5}{Grouping}{subsection.1.1}% 7
\BOOKMARK [2][-]{subsection.1.2}{Cards}{section.1}% 8
\BOOKMARK [3][-]{subsubsection.1.2.1}{Community Cards}{subsection.1.2}% 9
\BOOKMARK [3][-]{subsubsection.1.2.2}{Community deck implementation}{subsection.1.2}% 10
\BOOKMARK [3][-]{subsubsection.1.2.3}{Chance Cards}{subsection.1.2}% 11
\BOOKMARK [3][-]{subsubsection.1.2.4}{Chance deck implementation}{subsection.1.2}% 12
\BOOKMARK [2][-]{subsection.1.3}{Dice}{section.1}% 13
\BOOKMARK [3][-]{subsubsection.1.3.1}{Simple: one dice with six sides}{subsection.1.3}% 14
\BOOKMARK [3][-]{subsubsection.1.3.2}{Advanced: two dice with six sides}{subsection.1.3}% 15
\BOOKMARK [2][-]{subsection.1.4}{Monopoly simulation}{section.1}% 16
\BOOKMARK [3][-]{subsubsection.1.4.1}{Algorithm}{subsection.1.4}% 17
\BOOKMARK [3][-]{subsubsection.1.4.2}{Modulo arithmetic for position tracking}{subsection.1.4}% 18
\BOOKMARK [3][-]{subsubsection.1.4.3}{Implementation}{subsection.1.4}% 19
\BOOKMARK [2][-]{subsection.1.5}{Probability statistics}{section.1}% 20
\BOOKMARK [3][-]{subsubsection.1.5.1}{Determining probabilities}{subsection.1.5}% 21
\BOOKMARK [3][-]{subsubsection.1.5.2}{Plot of probabilities by square}{subsection.1.5}% 22
\BOOKMARK [3][-]{subsubsection.1.5.3}{Table of probabilities by square}{subsection.1.5}% 23
\BOOKMARK [3][-]{subsubsection.1.5.4}{Top 10 highest probability squares}{subsection.1.5}% 24
\BOOKMARK [3][-]{subsubsection.1.5.5}{Plot of expected value per turn}{subsection.1.5}% 25
\BOOKMARK [3][-]{subsubsection.1.5.6}{Table of expected value per turn}{subsection.1.5}% 26
\BOOKMARK [2][-]{subsection.1.6}{Grouped probability statistics}{section.1}% 27
\BOOKMARK [3][-]{subsubsection.1.6.1}{Plot of probabilities by group}{subsection.1.6}% 28
\BOOKMARK [3][-]{subsubsection.1.6.2}{Table of probabilities by group}{subsection.1.6}% 29
\BOOKMARK [3][-]{subsubsection.1.6.3}{Plot of expected values by group}{subsection.1.6}% 30
\BOOKMARK [3][-]{subsubsection.1.6.4}{Table of expected values by group}{subsection.1.6}% 31
\BOOKMARK [2][-]{subsection.1.7}{Other probabilities}{section.1}% 32
\BOOKMARK [3][-]{subsubsection.1.7.1}{Train station probabilities}{subsection.1.7}% 33
\BOOKMARK [3][-]{subsubsection.1.7.2}{Probability to be in jail}{subsection.1.7}% 34
\BOOKMARK [3][-]{subsubsection.1.7.3}{Probability to draw a card}{subsection.1.7}% 35
\BOOKMARK [2][-]{subsection.1.8}{Conclusion}{section.1}% 36
\BOOKMARK [3][-]{subsubsection.1.8.1}{Top 10 streets}{subsection.1.8}% 37
\BOOKMARK [3][-]{subsubsection.1.8.2}{Top 10 groups}{subsection.1.8}% 38
\BOOKMARK [3][-]{subsubsection.1.8.3}{Probability to go to jail}{subsection.1.8}% 39
\BOOKMARK [3][-]{subsubsection.1.8.4}{Probability to draw a card}{subsection.1.8}% 40
